<?xml version="1.0" encoding="UTF-8" ?>
<testsuites>
<testsuite name="long-press-mouse" errors="0" tests="3" failures="0" time="3.996" timestamp="2024-04-27T20:15:32">
  <testcase classname="long-press-mouse" name="should fire long-press event after default 1.5s" time="1.821"></testcase>
  <testcase classname="long-press-mouse" name="should fire long-press event using data-long-press-delay" time="0.394"></testcase>
  <testcase classname="long-press-mouse" name="should fire with correct clientX and clientY" time="1.779"></testcase>
</testsuite>
</testsuites>